<?xml version="1.0" encoding="UTF-8"?>
<coverage generated="1653942513">
  <project timestamp="1653942513">
    <file name="/app/src/Tuple.php">
      <class name="rocketfellows\tuple\Tuple" namespace="global">
        <metrics complexity="16" methods="8" coveredmethods="8" conditionals="0" coveredconditionals="0" statements="12" coveredstatements="12" elements="20" coveredelements="20"/>
      </class>
      <line num="13" type="method" name="__construct" visibility="public" complexity="3" crap="3" count="7"/>
      <line num="15" type="stmt" count="7"/>
      <line num="16" type="stmt" count="5"/>
      <line num="19" type="stmt" count="7"/>
      <line num="25" type="method" name="count" visibility="public" complexity="1" crap="1" count="7"/>
      <line num="27" type="stmt" count="7"/>
      <line num="33" type="method" name="current" visibility="public" complexity="3" crap="3" count="7"/>
      <line num="35" type="stmt" count="7"/>
      <line num="41" type="method" name="next" visibility="public" complexity="4" crap="4" count="5"/>
      <line num="43" type="stmt" count="5"/>
      <line num="44" type="stmt" count="5"/>
      <line num="45" type="stmt" count="5"/>
      <line num="48" type="method" name="isEmpty" visibility="public" complexity="1" crap="1" count="7"/>
      <line num="50" type="stmt" count="7"/>
      <line num="56" type="method" name="key" visibility="public" complexity="1" crap="1" count="3"/>
      <line num="58" type="stmt" count="3"/>
      <line num="64" type="method" name="valid" visibility="public" complexity="1" crap="1" count="6"/>
      <line num="66" type="stmt" count="6"/>
      <line num="72" type="method" name="rewind" visibility="public" complexity="2" crap="2" count="7"/>
      <line num="74" type="stmt" count="7"/>
      <metrics loc="77" ncloc="59" classes="1" methods="8" coveredmethods="8" conditionals="0" coveredconditionals="0" statements="12" coveredstatements="12" elements="20" coveredelements="20"/>
    </file>
    <metrics files="1" loc="77" ncloc="59" classes="1" methods="8" coveredmethods="8" conditionals="0" coveredconditionals="0" statements="12" coveredstatements="12" elements="20" coveredelements="20"/>
  </project>
</coverage>
